# JRE version: Java(TM) SE Runtime Environment (8.0_181-b13) (build 1.8.0_181-b13)
# Java VM: Java HotSpot(TM) 64-Bit Server VM (25.181-b13 mixed mode windows-amd64 compressed oops)
Heap:
 PSYoungGen      total 1084928K, used 218208K [0x000000076ab00000, 0x00000007c0000000, 0x00000007c0000000)
  eden space 866304K, 0% used [0x000000076ab00000,0x000000076ab00000,0x000000079f900000)
  from space 218624K, 99% used [0x000000079f900000,0x00000007ace18000,0x00000007ace80000)
  to   space 288768K, 0% used [0x00000007ae600000,0x00000007ae600000,0x00000007c0000000)
 ParOldGen       total 2061312K, used 1717845K [0x00000006c0000000, 0x000000073dd00000, 0x000000076ab00000)
  object space 2061312K, 83% used [0x00000006c0000000,0x0000000728d956d8,0x000000073dd00000)
 Metaspace       used 27104K, capacity 32859K, committed 33200K, reserved 1075200K
  class space    used 6332K, capacity 8243K, committed 8368K, reserved 1048576K
GC Heap History (10 events):
Event: 37.124 GC heap after
Heap after GC invocations=24 (full 6):
 PSYoungGen      total 909312K, used 147232K [0x000000076ab00000, 0x00000007b1080000, 0x00000007c0000000)
  eden space 715776K, 0% used [0x000000076ab00000,0x000000076ab00000,0x0000000796600000)
  from space 193536K, 76% used [0x00000007a3500000,0x00000007ac4c8000,0x00000007af200000)
  to   space 211968K, 0% used [0x0000000796600000,0x0000000796600000,0x00000007a3500000)
 ParOldGen       total 1763328K, used 1321793K [0x00000006c0000000, 0x000000072ba00000, 0x000000076ab00000)
  object space 1763328K, 74% used [0x00000006c0000000,0x0000000710ad0748,0x000000072ba00000)
 Metaspace       used 27104K, capacity 32859K, committed 33200K, reserved 1075200K
  class space    used 6332K, capacity 8243K, committed 8368K, reserved 1048576K
}
Event: 40.668 GC heap before
{Heap before GC invocations=25 (full 6):
 PSYoungGen      total 909312K, used 863008K [0x000000076ab00000, 0x00000007b1080000, 0x00000007c0000000)
  eden space 715776K, 100% used [0x000000076ab00000,0x0000000796600000,0x0000000796600000)
  from space 193536K, 76% used [0x00000007a3500000,0x00000007ac4c8000,0x00000007af200000)
  to   space 211968K, 0% used [0x0000000796600000,0x0000000796600000,0x00000007a3500000)
 ParOldGen       total 1763328K, used 1321793K [0x00000006c0000000, 0x000000072ba00000, 0x000000076ab00000)
  object space 1763328K, 74% used [0x00000006c0000000,0x0000000710ad0748,0x000000072ba00000)
 Metaspace       used 27104K, capacity 32859K, committed 33200K, reserved 1075200K
  class space    used 6332K, capacity 8243K, committed 8368K, reserved 1048576K
Event: 40.808 GC heap after
Heap after GC invocations=25 (full 6):
 PSYoungGen      total 927744K, used 180096K [0x000000076ab00000, 0x00000007bde00000, 0x00000007c0000000)
  eden space 715776K, 0% used [0x000000076ab00000,0x000000076ab00000,0x0000000796600000)
  from space 211968K, 84% used [0x0000000796600000,0x00000007a15e0000,0x00000007a3500000)
  to   space 238080K, 0% used [0x00000007af580000,0x00000007af580000,0x00000007bde00000)
 ParOldGen       total 1763328K, used 1441071K [0x00000006c0000000, 0x000000072ba00000, 0x000000076ab00000)
  object space 1763328K, 81% used [0x00000006c0000000,0x0000000717f4bec0,0x000000072ba00000)
 Metaspace       used 27104K, capacity 32859K, committed 33200K, reserved 1075200K
  class space    used 6332K, capacity 8243K, committed 8368K, reserved 1048576K
}
Event: 40.808 GC heap before
{Heap before GC invocations=26 (full 7):
 PSYoungGen      total 927744K, used 180096K [0x000000076ab00000, 0x00000007bde00000, 0x00000007c0000000)
  eden space 715776K, 0% used [0x000000076ab00000,0x000000076ab00000,0x0000000796600000)
  from space 211968K, 84% used [0x0000000796600000,0x00000007a15e0000,0x00000007a3500000)
  to   space 238080K, 0% used [0x00000007af580000,0x00000007af580000,0x00000007bde00000)
 ParOldGen       total 1763328K, used 1441071K [0x00000006c0000000, 0x000000072ba00000, 0x000000076ab00000)
  object space 1763328K, 81% used [0x00000006c0000000,0x0000000717f4bec0,0x000000072ba00000)
 Metaspace       used 27104K, capacity 32859K, committed 33200K, reserved 1075200K
  class space    used 6332K, capacity 8243K, committed 8368K, reserved 1048576K
Event: 41.055 GC heap after
Heap after GC invocations=26 (full 7):
 PSYoungGen      total 927744K, used 0K [0x000000076ab00000, 0x00000007bde00000, 0x00000007c0000000)
  eden space 715776K, 0% used [0x000000076ab00000,0x000000076ab00000,0x0000000796600000)
  from space 211968K, 0% used [0x0000000796600000,0x0000000796600000,0x00000007a3500000)
  to   space 238080K, 0% used [0x00000007af580000,0x00000007af580000,0x00000007bde00000)
 ParOldGen       total 2061312K, used 1571824K [0x00000006c0000000, 0x000000073dd00000, 0x000000076ab00000)
  object space 2061312K, 76% used [0x00000006c0000000,0x000000071fefc330,0x000000073dd00000)
 Metaspace       used 27104K, capacity 32859K, committed 33200K, reserved 1075200K
  class space    used 6332K, capacity 8243K, committed 8368K, reserved 1048576K
}
Event: 44.513 GC heap before
{Heap before GC invocations=27 (full 7):
 PSYoungGen      total 927744K, used 715776K [0x000000076ab00000, 0x00000007bde00000, 0x00000007c0000000)
  eden space 715776K, 100% used [0x000000076ab00000,0x0000000796600000,0x0000000796600000)
  from space 211968K, 0% used [0x0000000796600000,0x0000000796600000,0x00000007a3500000)
  to   space 238080K, 0% used [0x00000007af580000,0x00000007af580000,0x00000007bde00000)
 ParOldGen       total 2061312K, used 1571824K [0x00000006c0000000, 0x000000073dd00000, 0x000000076ab00000)
  object space 2061312K, 76% used [0x00000006c0000000,0x000000071fefc330,0x000000073dd00000)
 Metaspace       used 27104K, capacity 32859K, committed 33200K, reserved 1075200K
  class space    used 6332K, capacity 8243K, committed 8368K, reserved 1048576K
Event: 44.604 GC heap after
Heap after GC invocations=27 (full 7):
 PSYoungGen      total 1104384K, used 180064K [0x000000076ab00000, 0x00000007bfb80000, 0x00000007c0000000)
  eden space 866304K, 0% used [0x000000076ab00000,0x000000076ab00000,0x000000079f900000)
  from space 238080K, 75% used [0x00000007af580000,0x00000007ba558000,0x00000007bde00000)
  to   space 258560K, 0% used [0x000000079f900000,0x000000079f900000,0x00000007af580000)
 ParOldGen       total 2061312K, used 1571824K [0x00000006c0000000, 0x000000073dd00000, 0x000000076ab00000)
  object space 2061312K, 76% used [0x00000006c0000000,0x000000071fefc330,0x000000073dd00000)
 Metaspace       used 27104K, capacity 32859K, committed 33200K, reserved 1075200K
  class space    used 6332K, capacity 8243K, committed 8368K, reserved 1048576K
}
Event: 48.977 GC heap before
{Heap before GC invocations=28 (full 7):
 PSYoungGen      total 1104384K, used 1046368K [0x000000076ab00000, 0x00000007bfb80000, 0x00000007c0000000)
  eden space 866304K, 100% used [0x000000076ab00000,0x000000079f900000,0x000000079f900000)
  from space 238080K, 75% used [0x00000007af580000,0x00000007ba558000,0x00000007bde00000)
  to   space 258560K, 0% used [0x000000079f900000,0x000000079f900000,0x00000007af580000)
 ParOldGen       total 2061312K, used 1571824K [0x00000006c0000000, 0x000000073dd00000, 0x000000076ab00000)
  object space 2061312K, 76% used [0x00000006c0000000,0x000000071fefc330,0x000000073dd00000)
 Metaspace       used 27104K, capacity 32859K, committed 33200K, reserved 1075200K
  class space    used 6332K, capacity 8243K, committed 8368K, reserved 1048576K
Event: 49.121 GC heap after
Heap after GC invocations=28 (full 7):
 PSYoungGen      total 1084928K, used 218208K [0x000000076ab00000, 0x00000007c0000000, 0x00000007c0000000)
  eden space 866304K, 0% used [0x000000076ab00000,0x000000076ab00000,0x000000079f900000)
  from space 218624K, 99% used [0x000000079f900000,0x00000007ace18000,0x00000007ace80000)
  to   space 288768K, 0% used [0x00000007ae600000,0x00000007ae600000,0x00000007c0000000)
 ParOldGen       total 2061312K, used 1717845K [0x00000006c0000000, 0x000000073dd00000, 0x000000076ab00000)
  object space 2061312K, 83% used [0x00000006c0000000,0x0000000728d956d8,0x000000073dd00000)
 Metaspace       used 27104K, capacity 32859K, committed 33200K, reserved 1075200K
  class space    used 6332K, capacity 8243K, committed 8368K, reserved 1048576K
}
Event: 49.121 GC heap before
{Heap before GC invocations=29 (full 8):
 PSYoungGen      total 1084928K, used 218208K [0x000000076ab00000, 0x00000007c0000000, 0x00000007c0000000)
  eden space 866304K, 0% used [0x000000076ab00000,0x000000076ab00000,0x000000079f900000)
  from space 218624K, 99% used [0x000000079f900000,0x00000007ace18000,0x00000007ace80000)
  to   space 288768K, 0% used [0x00000007ae600000,0x00000007ae600000,0x00000007c0000000)
 ParOldGen       total 2061312K, used 1717845K [0x00000006c0000000, 0x000000073dd00000, 0x000000076ab00000)
  object space 2061312K, 83% used [0x00000006c0000000,0x0000000728d956d8,0x000000073dd00000)
 Metaspace       used 27104K, capacity 32859K, committed 33200K, reserved 1075200K
  class space    used 6332K, capacity 8243K, committed 8368K, reserved 1048576K

